{"contracts/factories/MatryxRoundFactory.sol":{"l":{"9":1,"13":5,"14":5},"path":"/Users/maxhoward/Desktop/Ethereum Development/Matryx AWS/Projects/matryx-alpha-source/contracts/factories/MatryxRoundFactory.sol","s":{"1":1,"2":5,"3":5},"b":{},"f":{"1":1,"2":5},"fnMap":{"1":{"name":"MatryxRoundFactory","line":8,"loc":{"start":{"line":8,"column":1},"end":{"line":8,"column":77}}},"2":{"name":"createRound","line":12,"loc":{"start":{"line":12,"column":1},"end":{"line":12,"column":125}}}},"statementMap":{"1":{"start":{"line":9,"column":2},"end":{"line":9,"column":65}},"2":{"start":{"line":13,"column":2},"end":{"line":13,"column":111}},"3":{"start":{"line":14,"column":2},"end":{"line":14,"column":17}}},"branchMap":{}},"contracts/factories/MatryxSubmissionFactory.sol":{"l":{"8":5,"9":5},"path":"/Users/maxhoward/Desktop/Ethereum Development/Matryx AWS/Projects/matryx-alpha-source/contracts/factories/MatryxSubmissionFactory.sol","s":{"1":5,"2":5},"b":{},"f":{"1":5},"fnMap":{"1":{"name":"createSubmission","line":7,"loc":{"start":{"line":7,"column":1},"end":{"line":7,"column":305}}}},"statementMap":{"1":{"start":{"line":8,"column":2},"end":{"line":8,"column":213}},"2":{"start":{"line":9,"column":2},"end":{"line":9,"column":19}}},"branchMap":{}},"contracts/factories/MatryxTournamentFactory.sol":{"l":{"11":1,"15":8,"16":8,"21":1},"path":"/Users/maxhoward/Desktop/Ethereum Development/Matryx AWS/Projects/matryx-alpha-source/contracts/factories/MatryxTournamentFactory.sol","s":{"1":1,"2":8,"3":8,"4":1},"b":{},"f":{"1":1,"2":8,"3":1},"fnMap":{"1":{"name":"MatryxTournamentFactory","line":10,"loc":{"start":{"line":10,"column":1},"end":{"line":10,"column":77}}},"2":{"name":"createTournament","line":14,"loc":{"start":{"line":14,"column":1},"end":{"line":14,"column":171}}},"3":{"name":"setPlatform","line":19,"loc":{"start":{"line":19,"column":1},"end":{"line":20,"column":2}}}},"statementMap":{"1":{"start":{"line":11,"column":2},"end":{"line":11,"column":55}},"2":{"start":{"line":15,"column":2},"end":{"line":15,"column":164}},"3":{"start":{"line":16,"column":2},"end":{"line":16,"column":22}},"4":{"start":{"line":21,"column":2},"end":{"line":21,"column":35}}},"branchMap":{}},"contracts/MatryxOracleMessenger.sol":{"l":{"32":2,"33":2,"34":2,"43":2,"45":2,"48":0,"53":2,"54":2,"58":2,"60":2,"63":2,"75":3,"76":3,"77":3,"80":2,"81":2,"82":2,"83":2,"89":1,"90":1},"path":"/Users/maxhoward/Desktop/Ethereum Development/Matryx AWS/Projects/matryx-alpha-source/contracts/MatryxOracleMessenger.sol","s":{"1":2,"2":2,"3":2,"4":2,"5":0,"6":2,"7":2,"8":2,"9":2,"10":2,"11":3,"12":3,"13":3,"14":2,"15":2,"16":2,"17":2,"18":1,"19":1},"b":{"1":[0,2],"2":[2,1]},"f":{"1":2,"2":2,"3":3},"fnMap":{"1":{"name":"latestResponseFromOracle","line":30,"loc":{"start":{"line":30,"column":2},"end":{"line":31,"column":3}}},"2":{"name":"Query","line":42,"loc":{"start":{"line":42,"column":2},"end":{"line":42,"column":58}}},"3":{"name":"storeQueryResponse","line":70,"loc":{"start":{"line":70,"column":2},"end":{"line":71,"column":3}}}},"statementMap":{"1":{"start":{"line":32,"column":8},"end":{"line":32,"column":54}},"2":{"start":{"line":33,"column":8},"end":{"line":33,"column":49}},"3":{"start":{"line":34,"column":8},"end":{"line":34,"column":23}},"4":{"start":{"line":45,"column":4},"end":{"line":45,"column":2019}},"5":{"start":{"line":48,"column":8},"end":{"line":48,"column":43}},"6":{"start":{"line":53,"column":8},"end":{"line":53,"column":52}},"7":{"start":{"line":54,"column":8},"end":{"line":54,"column":43}},"8":{"start":{"line":58,"column":4},"end":{"line":58,"column":54}},"9":{"start":{"line":60,"column":4},"end":{"line":60,"column":42}},"10":{"start":{"line":63,"column":4},"end":{"line":63,"column":35}},"11":{"start":{"line":75,"column":6},"end":{"line":75,"column":58}},"12":{"start":{"line":76,"column":6},"end":{"line":76,"column":58}},"13":{"start":{"line":77,"column":6},"end":{"line":77,"column":3378}},"14":{"start":{"line":80,"column":10},"end":{"line":80,"column":52}},"15":{"start":{"line":81,"column":10},"end":{"line":81,"column":45}},"16":{"start":{"line":82,"column":10},"end":{"line":82,"column":49}},"17":{"start":{"line":83,"column":10},"end":{"line":83,"column":21}},"18":{"start":{"line":89,"column":10},"end":{"line":89,"column":59}},"19":{"start":{"line":90,"column":10},"end":{"line":90,"column":22}}},"branchMap":{"1":{"line":45,"type":"if","locations":[{"start":{"line":45,"column":4},"end":{"line":45,"column":4}},{"start":{"line":45,"column":4},"end":{"line":45,"column":4}}]},"2":{"line":77,"type":"if","locations":[{"start":{"line":77,"column":6},"end":{"line":77,"column":6}},{"start":{"line":77,"column":6},"end":{"line":77,"column":6}}]}}},"contracts/MatryxPlatform.sol":{"l":{"21":2,"41":5,"50":1,"59":11,"60":11,"72":2,"73":2,"74":2,"76":2,"83":1,"84":1,"91":1,"92":1,"104":9,"106":9,"107":9,"109":9,"111":9,"126":8,"127":8,"128":8,"131":8,"132":8,"134":8,"139":9,"144":5,"156":1,"157":1,"158":1,"165":3,"170":1,"171":1,"172":1,"183":0,"188":0},"path":"/Users/maxhoward/Desktop/Ethereum Development/Matryx AWS/Projects/matryx-alpha-source/contracts/MatryxPlatform.sol","s":{"1":2,"2":5,"3":1,"4":11,"5":2,"6":2,"7":2,"8":1,"9":1,"10":1,"11":1,"12":9,"13":9,"14":9,"15":9,"16":9,"17":8,"18":8,"19":8,"20":8,"21":8,"22":1,"23":1,"24":1,"25":3,"26":1,"27":1,"28":1,"29":0,"30":0},"b":{"1":[11,0],"2":[2,0],"3":[9,0],"4":[1,0],"5":[1,0],"6":[1,0]},"f":{"1":2,"2":5,"3":1,"4":11,"5":2,"6":1,"7":1,"8":9,"9":8,"10":9,"11":5,"12":1,"13":3,"14":1,"15":0,"16":0},"fnMap":{"1":{"name":"MatryxPlatform","line":19,"loc":{"start":{"line":19,"column":2},"end":{"line":20,"column":3}}},"2":{"name":"invokeTournamentOpenedEvent","line":39,"loc":{"start":{"line":39,"column":2},"end":{"line":40,"column":3}}},"3":{"name":"invokeTournamentClosedEvent","line":48,"loc":{"start":{"line":48,"column":2},"end":{"line":49,"column":3}}},"4":{"name":"onlyTournament","line":57,"loc":{"start":{"line":57,"column":2},"end":{"line":58,"column":3}}},"5":{"name":"prepareBalance","line":69,"loc":{"start":{"line":69,"column":2},"end":{"line":70,"column":3}}},"6":{"name":"balanceIsNonZero","line":81,"loc":{"start":{"line":81,"column":2},"end":{"line":82,"column":3}}},"7":{"name":"getBalance","line":89,"loc":{"start":{"line":89,"column":2},"end":{"line":90,"column":3}}},"8":{"name":"enterTournament","line":102,"loc":{"start":{"line":102,"column":2},"end":{"line":103,"column":3}}},"9":{"name":"createTournament","line":124,"loc":{"start":{"line":124,"column":2},"end":{"line":125,"column":3}}},"10":{"name":"updateMyTournaments","line":137,"loc":{"start":{"line":137,"column":2},"end":{"line":138,"column":3}}},"11":{"name":"updateMySubmissions","line":142,"loc":{"start":{"line":142,"column":2},"end":{"line":143,"column":3}}},"12":{"name":"getTournament_IsMine","line":154,"loc":{"start":{"line":154,"column":2},"end":{"line":155,"column":3}}},"13":{"name":"tournamentCount","line":163,"loc":{"start":{"line":163,"column":2},"end":{"line":164,"column":3}}},"14":{"name":"getTournamentAtIndex","line":168,"loc":{"start":{"line":168,"column":2},"end":{"line":169,"column":3}}},"15":{"name":"myTournaments","line":181,"loc":{"start":{"line":181,"column":3},"end":{"line":182,"column":4}}},"16":{"name":"mySubmissions","line":186,"loc":{"start":{"line":186,"column":3},"end":{"line":187,"column":4}}}},"statementMap":{"1":{"start":{"line":21,"column":4},"end":{"line":21,"column":67}},"2":{"start":{"line":41,"column":4},"end":{"line":41,"column":105}},"3":{"start":{"line":50,"column":4},"end":{"line":50,"column":83}},"4":{"start":{"line":59,"column":4},"end":{"line":59,"column":37}},"5":{"start":{"line":72,"column":6},"end":{"line":72,"column":51}},"6":{"start":{"line":73,"column":6},"end":{"line":73,"column":48}},"7":{"start":{"line":74,"column":6},"end":{"line":74,"column":34}},"8":{"start":{"line":83,"column":6},"end":{"line":83,"column":56}},"9":{"start":{"line":84,"column":6},"end":{"line":84,"column":25}},"10":{"start":{"line":91,"column":6},"end":{"line":91,"column":59}},"11":{"start":{"line":92,"column":6},"end":{"line":92,"column":20}},"12":{"start":{"line":104,"column":6},"end":{"line":104,"column":73}},"13":{"start":{"line":106,"column":6},"end":{"line":106,"column":64}},"14":{"start":{"line":107,"column":6},"end":{"line":107,"column":4324}},"15":{"start":{"line":109,"column":8},"end":{"line":109,"column":58}},"16":{"start":{"line":111,"column":6},"end":{"line":111,"column":20}},"17":{"start":{"line":126,"column":4},"end":{"line":126,"column":104}},"18":{"start":{"line":127,"column":4},"end":{"line":127,"column":131}},"19":{"start":{"line":128,"column":4},"end":{"line":128,"column":105}},"20":{"start":{"line":132,"column":4},"end":{"line":132,"column":41}},"21":{"start":{"line":134,"column":4},"end":{"line":134,"column":24}},"22":{"start":{"line":156,"column":4},"end":{"line":156,"column":48}},"23":{"start":{"line":157,"column":4},"end":{"line":157,"column":51}},"24":{"start":{"line":158,"column":4},"end":{"line":158,"column":48}},"25":{"start":{"line":165,"column":6},"end":{"line":165,"column":34}},"26":{"start":{"line":170,"column":4},"end":{"line":170,"column":23}},"27":{"start":{"line":171,"column":4},"end":{"line":171,"column":42}},"28":{"start":{"line":172,"column":4},"end":{"line":172,"column":33}},"29":{"start":{"line":183,"column":6},"end":{"line":183,"column":49}},"30":{"start":{"line":188,"column":4},"end":{"line":188,"column":46}}},"branchMap":{"1":{"line":59,"type":"if","locations":[{"start":{"line":59,"column":4},"end":{"line":59,"column":4}},{"start":{"line":59,"column":4},"end":{"line":59,"column":4}}]},"2":{"line":74,"type":"if","locations":[{"start":{"line":74,"column":6},"end":{"line":74,"column":6}},{"start":{"line":74,"column":6},"end":{"line":74,"column":6}}]},"3":{"line":107,"type":"if","locations":[{"start":{"line":107,"column":6},"end":{"line":107,"column":6}},{"start":{"line":107,"column":6},"end":{"line":107,"column":6}}]},"4":{"line":156,"type":"if","locations":[{"start":{"line":156,"column":4},"end":{"line":156,"column":4}},{"start":{"line":156,"column":4},"end":{"line":156,"column":4}}]},"5":{"line":170,"type":"if","locations":[{"start":{"line":170,"column":4},"end":{"line":170,"column":4}},{"start":{"line":170,"column":4},"end":{"line":170,"column":4}}]},"6":{"line":171,"type":"if","locations":[{"start":{"line":171,"column":4},"end":{"line":171,"column":4}},{"start":{"line":171,"column":4},"end":{"line":171,"column":4}}]}}},"contracts/MatryxQueryEncrypter.sol":{"l":{"17":2,"18":2,"22":2,"23":2,"35":2,"38":2},"path":"/Users/maxhoward/Desktop/Ethereum Development/Matryx AWS/Projects/matryx-alpha-source/contracts/MatryxQueryEncrypter.sol","s":{"1":2,"2":2,"3":2,"4":2,"5":2},"b":{"1":[2,0]},"f":{"1":2,"2":2,"3":2},"fnMap":{"1":{"name":"MatryxQueryEncrypter","line":16,"loc":{"start":{"line":16,"column":2},"end":{"line":16,"column":56}}},"2":{"name":"owneronly","line":21,"loc":{"start":{"line":21,"column":2},"end":{"line":21,"column":20}}},"3":{"name":"generateQueryID","line":29,"loc":{"start":{"line":29,"column":2},"end":{"line":29,"column":81}}}},"statementMap":{"1":{"start":{"line":17,"column":4},"end":{"line":17,"column":44}},"2":{"start":{"line":18,"column":4},"end":{"line":18,"column":21}},"3":{"start":{"line":22,"column":4},"end":{"line":22,"column":40}},"4":{"start":{"line":35,"column":4},"end":{"line":35,"column":70}},"5":{"start":{"line":38,"column":4},"end":{"line":38,"column":20}}},"branchMap":{"1":{"line":22,"type":"if","locations":[{"start":{"line":22,"column":4},"end":{"line":22,"column":4}},{"start":{"line":22,"column":4},"end":{"line":22,"column":4}}]}}},"contracts/MatryxRound.sol":{"l":{"41":5,"42":5,"43":5,"44":5,"45":5,"61":8,"62":5,"69":3,"70":3,"71":3,"83":9,"84":9,"90":11,"91":11,"92":11,"98":2,"99":2,"105":3,"106":3,"124":9,"125":9,"126":9,"127":9,"128":9,"136":5,"138":5,"139":5,"158":20,"169":1,"174":3,"176":2,"189":1,"190":1,"198":1,"199":1,"207":2,"214":21,"221":1,"228":1,"239":5,"240":5,"241":5,"248":3,"250":2,"252":2,"253":2,"254":2,"263":1,"279":5,"281":5,"284":5,"285":5,"286":5,"287":5,"290":5,"297":5,"298":5,"299":5},"path":"/Users/maxhoward/Desktop/Ethereum Development/Matryx AWS/Projects/matryx-alpha-source/contracts/MatryxRound.sol","s":{"1":5,"2":5,"3":5,"4":5,"5":5,"6":8,"7":3,"8":3,"9":9,"10":11,"11":11,"12":2,"13":3,"14":9,"15":9,"16":9,"17":9,"18":9,"19":5,"20":5,"21":5,"22":20,"23":1,"24":3,"25":2,"26":1,"27":1,"28":1,"29":1,"30":2,"31":21,"32":1,"33":1,"34":5,"35":5,"36":5,"37":3,"38":2,"39":2,"40":2,"41":2,"42":1,"43":5,"44":5,"45":5,"46":5,"47":5,"48":5,"49":5,"50":5},"b":{"1":[5,3],"2":[3,0],"3":[3,0],"4":[9,0],"5":[11,0],"6":[2,0],"7":[3,0],"8":[5,0],"9":[2,1],"10":[5,0],"11":[2,1],"12":[5,0]},"f":{"1":5,"2":8,"3":3,"4":9,"5":11,"6":2,"7":3,"8":9,"9":5,"10":20,"11":1,"12":3,"13":1,"14":1,"15":2,"16":21,"17":1,"18":1,"19":5,"20":3,"21":1,"22":5},"fnMap":{"1":{"name":"MatryxRound","line":39,"loc":{"start":{"line":39,"column":1},"end":{"line":40,"column":2}}},"2":{"name":"duringOpenSubmission","line":59,"loc":{"start":{"line":59,"column":1},"end":{"line":60,"column":2}}},"3":{"name":"duringWinnerSelection","line":66,"loc":{"start":{"line":66,"column":1},"end":{"line":67,"column":2}}},"4":{"name":"onlyTournament","line":81,"loc":{"start":{"line":81,"column":1},"end":{"line":82,"column":2}}},"5":{"name":"whileTournamentOpen","line":88,"loc":{"start":{"line":88,"column":1},"end":{"line":89,"column":2}}},"6":{"name":"whenAccessible","line":96,"loc":{"start":{"line":96,"column":1},"end":{"line":97,"column":2}}},"7":{"name":"tournamentOrOwner","line":103,"loc":{"start":{"line":103,"column":1},"end":{"line":104,"column":5}}},"8":{"name":"isOpen","line":122,"loc":{"start":{"line":122,"column":4},"end":{"line":123,"column":2}}},"9":{"name":"submissionIsAccessible","line":134,"loc":{"start":{"line":134,"column":1},"end":{"line":135,"column":2}}},"10":{"name":"requesterIsContributor","line":156,"loc":{"start":{"line":156,"column":1},"end":{"line":157,"column":2}}},"11":{"name":"getSubmissions","line":167,"loc":{"start":{"line":167,"column":1},"end":{"line":168,"column":2}}},"12":{"name":"getSubmissionAddress","line":172,"loc":{"start":{"line":172,"column":1},"end":{"line":173,"column":2}}},"13":{"name":"getSubmissionBody","line":187,"loc":{"start":{"line":187,"column":1},"end":{"line":188,"column":2}}},"14":{"name":"getSubmissionAuthor","line":196,"loc":{"start":{"line":196,"column":1},"end":{"line":197,"column":2}}},"15":{"name":"getBalance","line":205,"loc":{"start":{"line":205,"column":1},"end":{"line":206,"column":2}}},"16":{"name":"submissionChosen","line":212,"loc":{"start":{"line":212,"column":1},"end":{"line":213,"column":2}}},"17":{"name":"getWinningSubmissionIndex","line":219,"loc":{"start":{"line":219,"column":1},"end":{"line":220,"column":2}}},"18":{"name":"numberOfSubmissions","line":226,"loc":{"start":{"line":226,"column":1},"end":{"line":227,"column":2}}},"19":{"name":"Start","line":237,"loc":{"start":{"line":237,"column":1},"end":{"line":238,"column":2}}},"20":{"name":"chooseWinningSubmission","line":246,"loc":{"start":{"line":246,"column":1},"end":{"line":247,"column":2}}},"21":{"name":"awardBounty","line":261,"loc":{"start":{"line":261,"column":1},"end":{"line":262,"column":2}}},"22":{"name":"createSubmission","line":277,"loc":{"start":{"line":277,"column":1},"end":{"line":278,"column":2}}}},"statementMap":{"1":{"start":{"line":41,"column":2},"end":{"line":41,"column":39}},"2":{"start":{"line":42,"column":2},"end":{"line":42,"column":15}},"3":{"start":{"line":43,"column":2},"end":{"line":43,"column":65}},"4":{"start":{"line":44,"column":2},"end":{"line":44,"column":23}},"5":{"start":{"line":45,"column":2},"end":{"line":45,"column":32}},"6":{"start":{"line":61,"column":2},"end":{"line":61,"column":18}},"7":{"start":{"line":69,"column":2},"end":{"line":69,"column":24}},"8":{"start":{"line":70,"column":2},"end":{"line":70,"column":42}},"9":{"start":{"line":83,"column":2},"end":{"line":83,"column":41}},"10":{"start":{"line":90,"column":2},"end":{"line":90,"column":68}},"11":{"start":{"line":91,"column":2},"end":{"line":91,"column":37}},"12":{"start":{"line":98,"column":2},"end":{"line":98,"column":73}},"13":{"start":{"line":105,"column":8},"end":{"line":105,"column":72}},"14":{"start":{"line":124,"column":2},"end":{"line":124,"column":46}},"15":{"start":{"line":125,"column":2},"end":{"line":125,"column":40}},"16":{"start":{"line":126,"column":2},"end":{"line":126,"column":62}},"17":{"start":{"line":127,"column":2},"end":{"line":127,"column":90}},"18":{"start":{"line":128,"column":2},"end":{"line":128,"column":15}},"19":{"start":{"line":136,"column":2},"end":{"line":136,"column":37}},"20":{"start":{"line":138,"column":2},"end":{"line":138,"column":70}},"21":{"start":{"line":139,"column":2},"end":{"line":139,"column":44}},"22":{"start":{"line":158,"column":2},"end":{"line":158,"column":50}},"23":{"start":{"line":169,"column":2},"end":{"line":169,"column":20}},"24":{"start":{"line":174,"column":2},"end":{"line":174,"column":37}},"25":{"start":{"line":176,"column":2},"end":{"line":176,"column":28}},"26":{"start":{"line":189,"column":2},"end":{"line":189,"column":70}},"27":{"start":{"line":190,"column":2},"end":{"line":190,"column":40}},"28":{"start":{"line":198,"column":2},"end":{"line":198,"column":70}},"29":{"start":{"line":199,"column":2},"end":{"line":199,"column":31}},"30":{"start":{"line":207,"column":2},"end":{"line":207,"column":48}},"31":{"start":{"line":214,"column":2},"end":{"line":214,"column":32}},"32":{"start":{"line":221,"column":2},"end":{"line":221,"column":31}},"33":{"start":{"line":228,"column":2},"end":{"line":228,"column":27}},"34":{"start":{"line":239,"column":2},"end":{"line":239,"column":24}},"35":{"start":{"line":240,"column":2},"end":{"line":240,"column":16}},"36":{"start":{"line":241,"column":2},"end":{"line":241,"column":35}},"37":{"start":{"line":248,"column":2},"end":{"line":248,"column":47}},"38":{"start":{"line":250,"column":2},"end":{"line":250,"column":42}},"39":{"start":{"line":252,"column":2},"end":{"line":252,"column":63}},"40":{"start":{"line":253,"column":2},"end":{"line":253,"column":14}},"41":{"start":{"line":254,"column":2},"end":{"line":254,"column":31}},"42":{"start":{"line":263,"column":2},"end":{"line":263,"column":71}},"43":{"start":{"line":279,"column":2},"end":{"line":279,"column":24}},"44":{"start":{"line":281,"column":8},"end":{"line":281,"column":224}},"45":{"start":{"line":285,"column":8},"end":{"line":285,"column":49}},"46":{"start":{"line":286,"column":8},"end":{"line":286,"column":64}},"47":{"start":{"line":287,"column":8},"end":{"line":287,"column":72}},"48":{"start":{"line":290,"column":8},"end":{"line":290,"column":71}},"49":{"start":{"line":297,"column":8},"end":{"line":297,"column":74}},"50":{"start":{"line":299,"column":8},"end":{"line":299,"column":32}}},"branchMap":{"1":{"line":61,"type":"if","locations":[{"start":{"line":61,"column":2},"end":{"line":61,"column":2}},{"start":{"line":61,"column":2},"end":{"line":61,"column":2}}]},"2":{"line":69,"type":"if","locations":[{"start":{"line":69,"column":2},"end":{"line":69,"column":2}},{"start":{"line":69,"column":2},"end":{"line":69,"column":2}}]},"3":{"line":70,"type":"if","locations":[{"start":{"line":70,"column":2},"end":{"line":70,"column":2}},{"start":{"line":70,"column":2},"end":{"line":70,"column":2}}]},"4":{"line":83,"type":"if","locations":[{"start":{"line":83,"column":2},"end":{"line":83,"column":2}},{"start":{"line":83,"column":2},"end":{"line":83,"column":2}}]},"5":{"line":91,"type":"if","locations":[{"start":{"line":91,"column":2},"end":{"line":91,"column":2}},{"start":{"line":91,"column":2},"end":{"line":91,"column":2}}]},"6":{"line":98,"type":"if","locations":[{"start":{"line":98,"column":2},"end":{"line":98,"column":2}},{"start":{"line":98,"column":2},"end":{"line":98,"column":2}}]},"7":{"line":105,"type":"if","locations":[{"start":{"line":105,"column":8},"end":{"line":105,"column":8}},{"start":{"line":105,"column":8},"end":{"line":105,"column":8}}]},"8":{"line":136,"type":"if","locations":[{"start":{"line":136,"column":2},"end":{"line":136,"column":2}},{"start":{"line":136,"column":2},"end":{"line":136,"column":2}}]},"9":{"line":174,"type":"if","locations":[{"start":{"line":174,"column":2},"end":{"line":174,"column":2}},{"start":{"line":174,"column":2},"end":{"line":174,"column":2}}]},"10":{"line":239,"type":"if","locations":[{"start":{"line":239,"column":2},"end":{"line":239,"column":2}},{"start":{"line":239,"column":2},"end":{"line":239,"column":2}}]},"11":{"line":248,"type":"if","locations":[{"start":{"line":248,"column":2},"end":{"line":248,"column":2}},{"start":{"line":248,"column":2},"end":{"line":248,"column":2}}]},"12":{"line":279,"type":"if","locations":[{"start":{"line":279,"column":2},"end":{"line":279,"column":2}},{"start":{"line":279,"column":2},"end":{"line":279,"column":2}}]}}},"contracts/MatryxSubmission.sol":{"l":{"25":5,"27":5,"28":5,"30":5,"31":5,"32":5,"33":5,"34":5,"35":5,"36":5,"37":5,"45":7,"46":7,"54":13,"55":13,"64":20,"65":20,"67":20,"68":20,"69":20,"70":20,"71":20,"72":20,"73":20,"74":20,"76":20,"80":2,"84":2,"89":2,"93":3,"97":3,"101":1,"116":1,"123":1,"130":1,"137":1,"144":1,"151":1,"158":1,"163":1,"164":1,"165":1},"path":"/Users/maxhoward/Desktop/Ethereum Development/Matryx AWS/Projects/matryx-alpha-source/contracts/MatryxSubmission.sol","s":{"1":5,"2":5,"3":5,"4":5,"5":5,"6":5,"7":5,"8":5,"9":5,"10":5,"11":5,"12":7,"13":13,"14":20,"15":20,"16":20,"17":20,"18":20,"19":20,"20":20,"21":20,"22":20,"23":20,"24":20,"25":2,"26":2,"27":2,"28":3,"29":3,"30":1,"31":1,"32":1,"33":1,"34":1,"35":1,"36":1},"b":{"1":[5,0],"2":[7,0],"3":[13,0]},"f":{"1":5,"2":7,"3":13,"4":20,"5":2,"6":2,"7":2,"8":3,"9":3,"10":1,"11":1,"12":1,"13":1,"14":1,"15":1,"16":1,"17":1,"18":1},"fnMap":{"1":{"name":"MatryxSubmission","line":23,"loc":{"start":{"line":23,"column":1},"end":{"line":24,"column":2}}},"2":{"name":"onlyAuthor","line":44,"loc":{"start":{"line":44,"column":2},"end":{"line":44,"column":23}}},"3":{"name":"whenAccessible","line":52,"loc":{"start":{"line":52,"column":1},"end":{"line":53,"column":2}}},"4":{"name":"isAccessible","line":62,"loc":{"start":{"line":62,"column":1},"end":{"line":63,"column":2}}},"5":{"name":"getTitle","line":79,"loc":{"start":{"line":79,"column":1},"end":{"line":79,"column":80}}},"6":{"name":"getAuthor","line":83,"loc":{"start":{"line":83,"column":1},"end":{"line":83,"column":82}}},"7":{"name":"getExternalAddress","line":87,"loc":{"start":{"line":87,"column":1},"end":{"line":88,"column":2}}},"8":{"name":"getReferences","line":92,"loc":{"start":{"line":92,"column":1},"end":{"line":92,"column":88}}},"9":{"name":"getContributors","line":96,"loc":{"start":{"line":96,"column":1},"end":{"line":96,"column":90}}},"10":{"name":"getTimeSubmitted","line":100,"loc":{"start":{"line":100,"column":1},"end":{"line":100,"column":89}}},"11":{"name":"makeExternallyAccessibleDuringTournament","line":114,"loc":{"start":{"line":114,"column":1},"end":{"line":115,"column":2}}},"12":{"name":"updateTitle","line":121,"loc":{"start":{"line":121,"column":1},"end":{"line":122,"column":2}}},"13":{"name":"updateExternalAddress","line":128,"loc":{"start":{"line":128,"column":1},"end":{"line":129,"column":2}}},"14":{"name":"addReference","line":135,"loc":{"start":{"line":135,"column":1},"end":{"line":136,"column":2}}},"15":{"name":"removeReference","line":142,"loc":{"start":{"line":142,"column":1},"end":{"line":143,"column":2}}},"16":{"name":"addContributor","line":149,"loc":{"start":{"line":149,"column":1},"end":{"line":150,"column":2}}},"17":{"name":"removeContributor","line":156,"loc":{"start":{"line":156,"column":1},"end":{"line":157,"column":2}}},"18":{"name":"getBalance","line":161,"loc":{"start":{"line":161,"column":1},"end":{"line":162,"column":2}}}},"statementMap":{"1":{"start":{"line":25,"column":2},"end":{"line":25,"column":34}},"2":{"start":{"line":27,"column":2},"end":{"line":27,"column":39}},"3":{"start":{"line":28,"column":2},"end":{"line":28,"column":29}},"4":{"start":{"line":30,"column":2},"end":{"line":30,"column":15}},"5":{"start":{"line":31,"column":2},"end":{"line":31,"column":26}},"6":{"start":{"line":32,"column":2},"end":{"line":32,"column":27}},"7":{"start":{"line":33,"column":2},"end":{"line":33,"column":35}},"8":{"start":{"line":34,"column":2},"end":{"line":34,"column":25}},"9":{"start":{"line":35,"column":2},"end":{"line":35,"column":29}},"10":{"start":{"line":36,"column":2},"end":{"line":36,"column":31}},"11":{"start":{"line":37,"column":2},"end":{"line":37,"column":77}},"12":{"start":{"line":45,"column":5},"end":{"line":45,"column":33}},"13":{"start":{"line":54,"column":2},"end":{"line":54,"column":34}},"14":{"start":{"line":64,"column":2},"end":{"line":64,"column":68}},"15":{"start":{"line":65,"column":2},"end":{"line":65,"column":55}},"16":{"start":{"line":67,"column":2},"end":{"line":67,"column":69}},"17":{"start":{"line":68,"column":2},"end":{"line":68,"column":52}},"18":{"start":{"line":69,"column":2},"end":{"line":69,"column":51}},"19":{"start":{"line":70,"column":2},"end":{"line":70,"column":65}},"20":{"start":{"line":71,"column":2},"end":{"line":71,"column":92}},"21":{"start":{"line":72,"column":2},"end":{"line":72,"column":77}},"22":{"start":{"line":73,"column":2},"end":{"line":73,"column":95}},"23":{"start":{"line":74,"column":2},"end":{"line":74,"column":72}},"24":{"start":{"line":76,"column":2},"end":{"line":76,"column":181}},"25":{"start":{"line":80,"column":2},"end":{"line":80,"column":14}},"26":{"start":{"line":84,"column":2},"end":{"line":84,"column":15}},"27":{"start":{"line":89,"column":2},"end":{"line":89,"column":24}},"28":{"start":{"line":93,"column":2},"end":{"line":93,"column":19}},"29":{"start":{"line":97,"column":2},"end":{"line":97,"column":21}},"30":{"start":{"line":101,"column":2},"end":{"line":101,"column":22}},"31":{"start":{"line":116,"column":2},"end":{"line":116,"column":44}},"32":{"start":{"line":123,"column":2},"end":{"line":123,"column":15}},"33":{"start":{"line":130,"column":2},"end":{"line":130,"column":35}},"34":{"start":{"line":163,"column":2},"end":{"line":163,"column":48}},"35":{"start":{"line":164,"column":2},"end":{"line":164,"column":42}},"36":{"start":{"line":165,"column":2},"end":{"line":165,"column":17}}},"branchMap":{"1":{"line":25,"type":"if","locations":[{"start":{"line":25,"column":2},"end":{"line":25,"column":2}},{"start":{"line":25,"column":2},"end":{"line":25,"column":2}}]},"2":{"line":45,"type":"if","locations":[{"start":{"line":45,"column":5},"end":{"line":45,"column":5}},{"start":{"line":45,"column":5},"end":{"line":45,"column":5}}]},"3":{"line":54,"type":"if","locations":[{"start":{"line":54,"column":2},"end":{"line":54,"column":2}},{"start":{"line":54,"column":2},"end":{"line":54,"column":2}}]}}},"contracts/MatryxTournament.sol":{"l":{"49":8,"50":8,"51":8,"52":8,"54":8,"55":8,"57":8,"59":8,"60":8,"61":8,"63":8,"64":8,"91":5,"101":9,"102":9,"108":9,"109":9,"110":8,"116":7,"117":7,"124":9,"125":9,"130":5,"131":5,"149":3,"156":33,"163":1,"164":1,"175":1,"182":2,"189":3,"190":3,"197":2,"212":5,"214":5,"215":5,"222":1,"224":1,"226":0,"228":0,"230":0,"231":0,"232":0,"240":1,"247":5,"248":5,"250":5,"252":1,"253":1,"254":1,"258":4,"259":4,"262":5,"263":5,"270":2,"271":2,"272":2,"279":1,"280":1,"282":0,"283":0,"287":1,"293":1,"295":1,"296":1,"308":9,"310":0,"313":9,"314":9,"321":1,"326":8,"327":8,"329":5,"330":5,"331":5,"332":5,"334":5},"path":"/Users/maxhoward/Desktop/Ethereum Development/Matryx AWS/Projects/matryx-alpha-source/contracts/MatryxTournament.sol","s":{"1":8,"2":8,"3":8,"4":8,"5":8,"6":8,"7":8,"8":8,"9":8,"10":8,"11":8,"12":8,"13":5,"14":9,"15":9,"16":9,"17":7,"18":9,"19":5,"20":3,"21":33,"22":1,"23":1,"24":1,"25":2,"26":3,"27":3,"28":2,"29":5,"30":5,"31":1,"32":0,"33":0,"34":0,"35":0,"36":1,"37":5,"38":5,"39":1,"40":1,"41":1,"42":4,"43":4,"44":5,"45":2,"46":2,"47":1,"48":1,"49":0,"50":1,"51":1,"52":9,"53":0,"54":9,"55":9,"56":1,"57":8,"58":8,"59":5,"60":5,"61":5},"b":{"1":[8,0],"2":[8,0],"3":[8,0],"4":[8,0],"5":[9,0],"6":[8,1],"7":[7,0],"8":[9,0],"9":[5,0],"10":[0,0],"11":[1,4],"12":[0,1],"13":[0,9]},"f":{"1":8,"2":5,"3":9,"4":9,"5":7,"6":9,"7":5,"8":3,"9":33,"10":1,"11":1,"12":2,"13":3,"14":2,"15":5,"16":1,"17":1,"18":5,"19":2,"20":1,"21":9,"22":1,"23":8},"fnMap":{"1":{"name":"MatryxTournament","line":47,"loc":{"start":{"line":47,"column":4},"end":{"line":47,"column":201}}},"2":{"name":"invokeSubmissionCreatedEvent","line":89,"loc":{"start":{"line":89,"column":4},"end":{"line":90,"column":5}}},"3":{"name":"onlyPlatform","line":99,"loc":{"start":{"line":99,"column":4},"end":{"line":100,"column":5}}},"4":{"name":"onlyEntrant","line":106,"loc":{"start":{"line":106,"column":4},"end":{"line":107,"column":5}}},"5":{"name":"platformOrOwner","line":114,"loc":{"start":{"line":114,"column":4},"end":{"line":115,"column":5}}},"6":{"name":"whileTournamentOpen","line":121,"loc":{"start":{"line":121,"column":4},"end":{"line":122,"column":5}}},"7":{"name":"whileRoundsLeft","line":128,"loc":{"start":{"line":128,"column":4},"end":{"line":129,"column":5}}},"8":{"name":"isEntrant","line":147,"loc":{"start":{"line":147,"column":4},"end":{"line":148,"column":5}}},"9":{"name":"tournamentOpen","line":154,"loc":{"start":{"line":154,"column":4},"end":{"line":155,"column":5}}},"10":{"name":"roundIsOpen","line":161,"loc":{"start":{"line":161,"column":4},"end":{"line":162,"column":5}}},"11":{"name":"getExternalAddress","line":173,"loc":{"start":{"line":173,"column":4},"end":{"line":174,"column":5}}},"12":{"name":"currentRound","line":180,"loc":{"start":{"line":180,"column":4},"end":{"line":181,"column":5}}},"13":{"name":"mySubmissions","line":187,"loc":{"start":{"line":187,"column":4},"end":{"line":188,"column":5}}},"14":{"name":"submissionCount","line":195,"loc":{"start":{"line":195,"column":4},"end":{"line":196,"column":5}}},"15":{"name":"openTournament","line":205,"loc":{"start":{"line":205,"column":4},"end":{"line":206,"column":5}}},"16":{"name":"chooseWinner","line":220,"loc":{"start":{"line":220,"column":4},"end":{"line":221,"column":5}}},"17":{"name":"setNumberOfRounds","line":238,"loc":{"start":{"line":238,"column":4},"end":{"line":239,"column":5}}},"18":{"name":"createRound","line":245,"loc":{"start":{"line":245,"column":4},"end":{"line":246,"column":5}}},"19":{"name":"startRound","line":268,"loc":{"start":{"line":268,"column":4},"end":{"line":269,"column":5}}},"20":{"name":"closeTournament","line":277,"loc":{"start":{"line":277,"column":4},"end":{"line":278,"column":5}}},"21":{"name":"enterUserInTournament","line":306,"loc":{"start":{"line":306,"column":4},"end":{"line":307,"column":5}}},"22":{"name":"getEntryFee","line":319,"loc":{"start":{"line":319,"column":4},"end":{"line":320,"column":5}}},"23":{"name":"createSubmission","line":324,"loc":{"start":{"line":324,"column":4},"end":{"line":325,"column":5}}}},"statementMap":{"1":{"start":{"line":49,"column":8},"end":{"line":49,"column":29}},"2":{"start":{"line":50,"column":8},"end":{"line":50,"column":50}},"3":{"start":{"line":51,"column":8},"end":{"line":51,"column":30}},"4":{"start":{"line":52,"column":8},"end":{"line":52,"column":49}},"5":{"start":{"line":54,"column":8},"end":{"line":54,"column":41}},"6":{"start":{"line":55,"column":8},"end":{"line":55,"column":61}},"7":{"start":{"line":57,"column":8},"end":{"line":57,"column":24}},"8":{"start":{"line":59,"column":8},"end":{"line":59,"column":21}},"9":{"start":{"line":60,"column":8},"end":{"line":60,"column":29}},"10":{"start":{"line":61,"column":8},"end":{"line":61,"column":41}},"11":{"start":{"line":63,"column":8},"end":{"line":63,"column":29}},"12":{"start":{"line":64,"column":8},"end":{"line":64,"column":27}},"13":{"start":{"line":91,"column":8},"end":{"line":91,"column":61}},"14":{"start":{"line":101,"column":8},"end":{"line":101,"column":45}},"15":{"start":{"line":108,"column":8},"end":{"line":108,"column":60}},"16":{"start":{"line":109,"column":8},"end":{"line":109,"column":31}},"17":{"start":{"line":116,"column":8},"end":{"line":116,"column":70}},"18":{"start":{"line":124,"column":8},"end":{"line":124,"column":30}},"19":{"start":{"line":130,"column":8},"end":{"line":130,"column":41}},"20":{"start":{"line":149,"column":8},"end":{"line":149,"column":42}},"21":{"start":{"line":156,"column":8},"end":{"line":156,"column":29}},"22":{"start":{"line":163,"column":8},"end":{"line":163,"column":65}},"23":{"start":{"line":164,"column":8},"end":{"line":164,"column":29}},"24":{"start":{"line":175,"column":8},"end":{"line":175,"column":30}},"25":{"start":{"line":182,"column":8},"end":{"line":182,"column":55}},"26":{"start":{"line":189,"column":8},"end":{"line":189,"column":73}},"27":{"start":{"line":190,"column":8},"end":{"line":190,"column":29}},"28":{"start":{"line":197,"column":8},"end":{"line":197,"column":34}},"29":{"start":{"line":212,"column":8},"end":{"line":212,"column":28}},"30":{"start":{"line":214,"column":8},"end":{"line":214,"column":66}},"31":{"start":{"line":222,"column":8},"end":{"line":222,"column":65}},"32":{"start":{"line":226,"column":8},"end":{"line":226,"column":42}},"33":{"start":{"line":228,"column":8},"end":{"line":228,"column":7286}},"34":{"start":{"line":230,"column":12},"end":{"line":230,"column":33}},"35":{"start":{"line":231,"column":12},"end":{"line":231,"column":70}},"36":{"start":{"line":240,"column":8},"end":{"line":240,"column":32}},"37":{"start":{"line":247,"column":8},"end":{"line":247,"column":88}},"38":{"start":{"line":250,"column":8},"end":{"line":250,"column":8136}},"39":{"start":{"line":252,"column":12},"end":{"line":252,"column":41}},"40":{"start":{"line":253,"column":12},"end":{"line":253,"column":24}},"41":{"start":{"line":254,"column":12},"end":{"line":254,"column":83}},"42":{"start":{"line":258,"column":12},"end":{"line":258,"column":48}},"43":{"start":{"line":259,"column":12},"end":{"line":259,"column":83}},"44":{"start":{"line":263,"column":8},"end":{"line":263,"column":39}},"45":{"start":{"line":270,"column":8},"end":{"line":270,"column":65}},"46":{"start":{"line":272,"column":8},"end":{"line":272,"column":36}},"47":{"start":{"line":279,"column":8},"end":{"line":279,"column":65}},"48":{"start":{"line":280,"column":8},"end":{"line":280,"column":9164}},"49":{"start":{"line":283,"column":12},"end":{"line":283,"column":46}},"50":{"start":{"line":293,"column":8},"end":{"line":293,"column":29}},"51":{"start":{"line":295,"column":8},"end":{"line":295,"column":66}},"52":{"start":{"line":308,"column":8},"end":{"line":308,"column":10091}},"53":{"start":{"line":310,"column":12},"end":{"line":310,"column":24}},"54":{"start":{"line":313,"column":8},"end":{"line":313,"column":49}},"55":{"start":{"line":314,"column":8},"end":{"line":314,"column":19}},"56":{"start":{"line":321,"column":8},"end":{"line":321,"column":23}},"57":{"start":{"line":326,"column":8},"end":{"line":326,"column":65}},"58":{"start":{"line":327,"column":8},"end":{"line":327,"column":142}},"59":{"start":{"line":329,"column":8},"end":{"line":329,"column":31}},"60":{"start":{"line":331,"column":8},"end":{"line":331,"column":66}},"61":{"start":{"line":334,"column":8},"end":{"line":334,"column":32}}},"branchMap":{"1":{"line":49,"type":"if","locations":[{"start":{"line":49,"column":8},"end":{"line":49,"column":8}},{"start":{"line":49,"column":8},"end":{"line":49,"column":8}}]},"2":{"line":50,"type":"if","locations":[{"start":{"line":50,"column":8},"end":{"line":50,"column":8}},{"start":{"line":50,"column":8},"end":{"line":50,"column":8}}]},"3":{"line":51,"type":"if","locations":[{"start":{"line":51,"column":8},"end":{"line":51,"column":8}},{"start":{"line":51,"column":8},"end":{"line":51,"column":8}}]},"4":{"line":52,"type":"if","locations":[{"start":{"line":52,"column":8},"end":{"line":52,"column":8}},{"start":{"line":52,"column":8},"end":{"line":52,"column":8}}]},"5":{"line":101,"type":"if","locations":[{"start":{"line":101,"column":8},"end":{"line":101,"column":8}},{"start":{"line":101,"column":8},"end":{"line":101,"column":8}}]},"6":{"line":109,"type":"if","locations":[{"start":{"line":109,"column":8},"end":{"line":109,"column":8}},{"start":{"line":109,"column":8},"end":{"line":109,"column":8}}]},"7":{"line":116,"type":"if","locations":[{"start":{"line":116,"column":8},"end":{"line":116,"column":8}},{"start":{"line":116,"column":8},"end":{"line":116,"column":8}}]},"8":{"line":124,"type":"if","locations":[{"start":{"line":124,"column":8},"end":{"line":124,"column":8}},{"start":{"line":124,"column":8},"end":{"line":124,"column":8}}]},"9":{"line":130,"type":"if","locations":[{"start":{"line":130,"column":8},"end":{"line":130,"column":8}},{"start":{"line":130,"column":8},"end":{"line":130,"column":8}}]},"10":{"line":228,"type":"if","locations":[{"start":{"line":228,"column":8},"end":{"line":228,"column":8}},{"start":{"line":228,"column":8},"end":{"line":228,"column":8}}]},"11":{"line":250,"type":"if","locations":[{"start":{"line":250,"column":8},"end":{"line":250,"column":8}},{"start":{"line":250,"column":8},"end":{"line":250,"column":8}}]},"12":{"line":280,"type":"if","locations":[{"start":{"line":280,"column":8},"end":{"line":280,"column":8}},{"start":{"line":280,"column":8},"end":{"line":280,"column":8}}]},"13":{"line":308,"type":"if","locations":[{"start":{"line":308,"column":8},"end":{"line":308,"column":8}},{"start":{"line":308,"column":8},"end":{"line":308,"column":8}}]}}},"contracts/Ownable.sol":{"l":{"17":24,"22":4,"27":23,"28":23,"35":6,"36":6,"45":1,"46":1},"path":"/Users/maxhoward/Desktop/Ethereum Development/Matryx AWS/Projects/matryx-alpha-source/contracts/Ownable.sol","s":{"1":24,"2":4,"3":23,"4":23,"5":6,"6":1,"7":1},"b":{"1":[6,0],"2":[1,0]},"f":{"1":24,"2":4,"3":23,"4":6,"5":1},"fnMap":{"1":{"name":"Ownable","line":16,"loc":{"start":{"line":16,"column":2},"end":{"line":16,"column":27}}},"2":{"name":"getOwner","line":20,"loc":{"start":{"line":20,"column":2},"end":{"line":21,"column":3}}},"3":{"name":"isOwner","line":25,"loc":{"start":{"line":25,"column":2},"end":{"line":26,"column":3}}},"4":{"name":"onlyOwner","line":34,"loc":{"start":{"line":34,"column":2},"end":{"line":34,"column":22}}},"5":{"name":"transferOwnership","line":44,"loc":{"start":{"line":44,"column":2},"end":{"line":44,"column":63}}}},"statementMap":{"1":{"start":{"line":17,"column":4},"end":{"line":17,"column":21}},"2":{"start":{"line":22,"column":4},"end":{"line":22,"column":16}},"3":{"start":{"line":27,"column":4},"end":{"line":27,"column":42}},"4":{"start":{"line":28,"column":4},"end":{"line":28,"column":24}},"5":{"start":{"line":35,"column":4},"end":{"line":35,"column":31}},"6":{"start":{"line":45,"column":4},"end":{"line":45,"column":34}},"7":{"start":{"line":46,"column":4},"end":{"line":46,"column":19}}},"branchMap":{"1":{"line":35,"type":"if","locations":[{"start":{"line":35,"column":4},"end":{"line":35,"column":4}},{"start":{"line":35,"column":4},"end":{"line":35,"column":4}}]},"2":{"line":45,"type":"if","locations":[{"start":{"line":45,"column":4},"end":{"line":45,"column":4}},{"start":{"line":45,"column":4},"end":{"line":45,"column":4}}]}}}}