TN:
SF:/Users/maxhoward/Desktop/Ethereum Development/Matryx AWS/Projects/matryx-alpha-source/contracts/factories/MatryxRoundFactory.sol
FN:8,MatryxRoundFactory
FN:12,createRound
FNF:2
FNH:2
FNDA:1,MatryxRoundFactory
FNDA:5,createRound
DA:9,1
DA:13,5
DA:14,5
LF:3
LH:3
BRF:0
BRH:0
end_of_record
TN:
SF:/Users/maxhoward/Desktop/Ethereum Development/Matryx AWS/Projects/matryx-alpha-source/contracts/factories/MatryxSubmissionFactory.sol
FN:7,createSubmission
FNF:1
FNH:1
FNDA:5,createSubmission
DA:8,5
DA:9,5
LF:2
LH:2
BRF:0
BRH:0
end_of_record
TN:
SF:/Users/maxhoward/Desktop/Ethereum Development/Matryx AWS/Projects/matryx-alpha-source/contracts/factories/MatryxTournamentFactory.sol
FN:10,MatryxTournamentFactory
FN:14,createTournament
FN:19,setPlatform
FNF:3
FNH:3
FNDA:1,MatryxTournamentFactory
FNDA:8,createTournament
FNDA:1,setPlatform
DA:11,1
DA:15,8
DA:16,8
DA:21,1
LF:4
LH:4
BRF:0
BRH:0
end_of_record
TN:
SF:/Users/maxhoward/Desktop/Ethereum Development/Matryx AWS/Projects/matryx-alpha-source/contracts/MatryxOracleMessenger.sol
FN:30,latestResponseFromOracle
FN:42,Query
FN:70,storeQueryResponse
FNF:3
FNH:3
FNDA:2,latestResponseFromOracle
FNDA:2,Query
FNDA:3,storeQueryResponse
DA:32,2
DA:33,2
DA:34,2
DA:43,2
DA:45,2
DA:48,0
DA:53,2
DA:54,2
DA:58,2
DA:60,2
DA:63,2
DA:75,3
DA:76,3
DA:77,3
DA:80,2
DA:81,2
DA:82,2
DA:83,2
DA:89,1
DA:90,1
LF:20
LH:19
BRDA:45,1,0,0
BRDA:45,1,1,2
BRDA:77,2,0,2
BRDA:77,2,1,1
BRF:4
BRH:3
end_of_record
TN:
SF:/Users/maxhoward/Desktop/Ethereum Development/Matryx AWS/Projects/matryx-alpha-source/contracts/MatryxPlatform.sol
FN:19,MatryxPlatform
FN:39,invokeTournamentOpenedEvent
FN:48,invokeTournamentClosedEvent
FN:57,onlyTournament
FN:69,prepareBalance
FN:81,balanceIsNonZero
FN:89,getBalance
FN:102,enterTournament
FN:124,createTournament
FN:137,updateMyTournaments
FN:142,updateMySubmissions
FN:154,getTournament_IsMine
FN:163,tournamentCount
FN:168,getTournamentAtIndex
FN:181,myTournaments
FN:186,mySubmissions
FNF:16
FNH:14
FNDA:2,MatryxPlatform
FNDA:5,invokeTournamentOpenedEvent
FNDA:1,invokeTournamentClosedEvent
FNDA:11,onlyTournament
FNDA:2,prepareBalance
FNDA:1,balanceIsNonZero
FNDA:1,getBalance
FNDA:9,enterTournament
FNDA:8,createTournament
FNDA:9,updateMyTournaments
FNDA:5,updateMySubmissions
FNDA:1,getTournament_IsMine
FNDA:3,tournamentCount
FNDA:1,getTournamentAtIndex
FNDA:0,myTournaments
FNDA:0,mySubmissions
DA:21,2
DA:41,5
DA:50,1
DA:59,11
DA:60,11
DA:72,2
DA:73,2
DA:74,2
DA:76,2
DA:83,1
DA:84,1
DA:91,1
DA:92,1
DA:104,9
DA:106,9
DA:107,9
DA:109,9
DA:111,9
DA:126,8
DA:127,8
DA:128,8
DA:131,8
DA:132,8
DA:134,8
DA:139,9
DA:144,5
DA:156,1
DA:157,1
DA:158,1
DA:165,3
DA:170,1
DA:171,1
DA:172,1
DA:183,0
DA:188,0
LF:35
LH:33
BRDA:59,1,0,11
BRDA:59,1,1,0
BRDA:74,2,0,2
BRDA:74,2,1,0
BRDA:107,3,0,9
BRDA:107,3,1,0
BRDA:156,4,0,1
BRDA:156,4,1,0
BRDA:170,5,0,1
BRDA:170,5,1,0
BRDA:171,6,0,1
BRDA:171,6,1,0
BRF:12
BRH:6
end_of_record
TN:
SF:/Users/maxhoward/Desktop/Ethereum Development/Matryx AWS/Projects/matryx-alpha-source/contracts/MatryxQueryEncrypter.sol
FN:16,MatryxQueryEncrypter
FN:21,owneronly
FN:29,generateQueryID
FNF:3
FNH:3
FNDA:2,MatryxQueryEncrypter
FNDA:2,owneronly
FNDA:2,generateQueryID
DA:17,2
DA:18,2
DA:22,2
DA:23,2
DA:35,2
DA:38,2
LF:6
LH:6
BRDA:22,1,0,2
BRDA:22,1,1,0
BRF:2
BRH:1
end_of_record
TN:
SF:/Users/maxhoward/Desktop/Ethereum Development/Matryx AWS/Projects/matryx-alpha-source/contracts/MatryxRound.sol
FN:39,MatryxRound
FN:59,duringOpenSubmission
FN:66,duringWinnerSelection
FN:81,onlyTournament
FN:88,whileTournamentOpen
FN:96,whenAccessible
FN:103,tournamentOrOwner
FN:122,isOpen
FN:134,submissionIsAccessible
FN:156,requesterIsContributor
FN:167,getSubmissions
FN:172,getSubmissionAddress
FN:187,getSubmissionBody
FN:196,getSubmissionAuthor
FN:205,getBalance
FN:212,submissionChosen
FN:219,getWinningSubmissionIndex
FN:226,numberOfSubmissions
FN:237,Start
FN:246,chooseWinningSubmission
FN:261,awardBounty
FN:277,createSubmission
FNF:22
FNH:22
FNDA:5,MatryxRound
FNDA:8,duringOpenSubmission
FNDA:3,duringWinnerSelection
FNDA:9,onlyTournament
FNDA:11,whileTournamentOpen
FNDA:2,whenAccessible
FNDA:3,tournamentOrOwner
FNDA:9,isOpen
FNDA:5,submissionIsAccessible
FNDA:20,requesterIsContributor
FNDA:1,getSubmissions
FNDA:3,getSubmissionAddress
FNDA:1,getSubmissionBody
FNDA:1,getSubmissionAuthor
FNDA:2,getBalance
FNDA:21,submissionChosen
FNDA:1,getWinningSubmissionIndex
FNDA:1,numberOfSubmissions
FNDA:5,Start
FNDA:3,chooseWinningSubmission
FNDA:1,awardBounty
FNDA:5,createSubmission
DA:41,5
DA:42,5
DA:43,5
DA:44,5
DA:45,5
DA:61,8
DA:62,5
DA:69,3
DA:70,3
DA:71,3
DA:83,9
DA:84,9
DA:90,11
DA:91,11
DA:92,11
DA:98,2
DA:99,2
DA:105,3
DA:106,3
DA:124,9
DA:125,9
DA:126,9
DA:127,9
DA:128,9
DA:136,5
DA:138,5
DA:139,5
DA:158,20
DA:169,1
DA:174,3
DA:176,2
DA:189,1
DA:190,1
DA:198,1
DA:199,1
DA:207,2
DA:214,21
DA:221,1
DA:228,1
DA:239,5
DA:240,5
DA:241,5
DA:248,3
DA:250,2
DA:252,2
DA:253,2
DA:254,2
DA:263,1
DA:279,5
DA:281,5
DA:284,5
DA:285,5
DA:286,5
DA:287,5
DA:290,5
DA:297,5
DA:298,5
DA:299,5
LF:58
LH:58
BRDA:61,1,0,5
BRDA:61,1,1,3
BRDA:69,2,0,3
BRDA:69,2,1,0
BRDA:70,3,0,3
BRDA:70,3,1,0
BRDA:83,4,0,9
BRDA:83,4,1,0
BRDA:91,5,0,11
BRDA:91,5,1,0
BRDA:98,6,0,2
BRDA:98,6,1,0
BRDA:105,7,0,3
BRDA:105,7,1,0
BRDA:136,8,0,5
BRDA:136,8,1,0
BRDA:174,9,0,2
BRDA:174,9,1,1
BRDA:239,10,0,5
BRDA:239,10,1,0
BRDA:248,11,0,2
BRDA:248,11,1,1
BRDA:279,12,0,5
BRDA:279,12,1,0
BRF:24
BRH:15
end_of_record
TN:
SF:/Users/maxhoward/Desktop/Ethereum Development/Matryx AWS/Projects/matryx-alpha-source/contracts/MatryxSubmission.sol
FN:23,MatryxSubmission
FN:44,onlyAuthor
FN:52,whenAccessible
FN:62,isAccessible
FN:79,getTitle
FN:83,getAuthor
FN:87,getExternalAddress
FN:92,getReferences
FN:96,getContributors
FN:100,getTimeSubmitted
FN:114,makeExternallyAccessibleDuringTournament
FN:121,updateTitle
FN:128,updateExternalAddress
FN:135,addReference
FN:142,removeReference
FN:149,addContributor
FN:156,removeContributor
FN:161,getBalance
FNF:18
FNH:18
FNDA:5,MatryxSubmission
FNDA:7,onlyAuthor
FNDA:13,whenAccessible
FNDA:20,isAccessible
FNDA:2,getTitle
FNDA:2,getAuthor
FNDA:2,getExternalAddress
FNDA:3,getReferences
FNDA:3,getContributors
FNDA:1,getTimeSubmitted
FNDA:1,makeExternallyAccessibleDuringTournament
FNDA:1,updateTitle
FNDA:1,updateExternalAddress
FNDA:1,addReference
FNDA:1,removeReference
FNDA:1,addContributor
FNDA:1,removeContributor
FNDA:1,getBalance
DA:25,5
DA:27,5
DA:28,5
DA:30,5
DA:31,5
DA:32,5
DA:33,5
DA:34,5
DA:35,5
DA:36,5
DA:37,5
DA:45,7
DA:46,7
DA:54,13
DA:55,13
DA:64,20
DA:65,20
DA:67,20
DA:68,20
DA:69,20
DA:70,20
DA:71,20
DA:72,20
DA:73,20
DA:74,20
DA:76,20
DA:80,2
DA:84,2
DA:89,2
DA:93,3
DA:97,3
DA:101,1
DA:116,1
DA:123,1
DA:130,1
DA:137,1
DA:144,1
DA:151,1
DA:158,1
DA:163,1
DA:164,1
DA:165,1
LF:42
LH:42
BRDA:25,1,0,5
BRDA:25,1,1,0
BRDA:45,2,0,7
BRDA:45,2,1,0
BRDA:54,3,0,13
BRDA:54,3,1,0
BRF:6
BRH:3
end_of_record
TN:
SF:/Users/maxhoward/Desktop/Ethereum Development/Matryx AWS/Projects/matryx-alpha-source/contracts/MatryxTournament.sol
FN:47,MatryxTournament
FN:89,invokeSubmissionCreatedEvent
FN:99,onlyPlatform
FN:106,onlyEntrant
FN:114,platformOrOwner
FN:121,whileTournamentOpen
FN:128,whileRoundsLeft
FN:147,isEntrant
FN:154,tournamentOpen
FN:161,roundIsOpen
FN:173,getExternalAddress
FN:180,currentRound
FN:187,mySubmissions
FN:195,submissionCount
FN:205,openTournament
FN:220,chooseWinner
FN:238,setNumberOfRounds
FN:245,createRound
FN:268,startRound
FN:277,closeTournament
FN:306,enterUserInTournament
FN:319,getEntryFee
FN:324,createSubmission
FNF:23
FNH:23
FNDA:8,MatryxTournament
FNDA:5,invokeSubmissionCreatedEvent
FNDA:9,onlyPlatform
FNDA:9,onlyEntrant
FNDA:7,platformOrOwner
FNDA:9,whileTournamentOpen
FNDA:5,whileRoundsLeft
FNDA:3,isEntrant
FNDA:33,tournamentOpen
FNDA:1,roundIsOpen
FNDA:1,getExternalAddress
FNDA:2,currentRound
FNDA:3,mySubmissions
FNDA:2,submissionCount
FNDA:5,openTournament
FNDA:1,chooseWinner
FNDA:1,setNumberOfRounds
FNDA:5,createRound
FNDA:2,startRound
FNDA:1,closeTournament
FNDA:9,enterUserInTournament
FNDA:1,getEntryFee
FNDA:8,createSubmission
DA:49,8
DA:50,8
DA:51,8
DA:52,8
DA:54,8
DA:55,8
DA:57,8
DA:59,8
DA:60,8
DA:61,8
DA:63,8
DA:64,8
DA:91,5
DA:101,9
DA:102,9
DA:108,9
DA:109,9
DA:110,8
DA:116,7
DA:117,7
DA:124,9
DA:125,9
DA:130,5
DA:131,5
DA:149,3
DA:156,33
DA:163,1
DA:164,1
DA:175,1
DA:182,2
DA:189,3
DA:190,3
DA:197,2
DA:212,5
DA:214,5
DA:215,5
DA:222,1
DA:224,1
DA:226,0
DA:228,0
DA:230,0
DA:231,0
DA:232,0
DA:240,1
DA:247,5
DA:248,5
DA:250,5
DA:252,1
DA:253,1
DA:254,1
DA:258,4
DA:259,4
DA:262,5
DA:263,5
DA:270,2
DA:271,2
DA:272,2
DA:279,1
DA:280,1
DA:282,0
DA:283,0
DA:287,1
DA:293,1
DA:295,1
DA:296,1
DA:308,9
DA:310,0
DA:313,9
DA:314,9
DA:321,1
DA:326,8
DA:327,8
DA:329,5
DA:330,5
DA:331,5
DA:332,5
DA:334,5
LF:77
LH:69
BRDA:49,1,0,8
BRDA:49,1,1,0
BRDA:50,2,0,8
BRDA:50,2,1,0
BRDA:51,3,0,8
BRDA:51,3,1,0
BRDA:52,4,0,8
BRDA:52,4,1,0
BRDA:101,5,0,9
BRDA:101,5,1,0
BRDA:109,6,0,8
BRDA:109,6,1,1
BRDA:116,7,0,7
BRDA:116,7,1,0
BRDA:124,8,0,9
BRDA:124,8,1,0
BRDA:130,9,0,5
BRDA:130,9,1,0
BRDA:228,10,0,0
BRDA:228,10,1,0
BRDA:250,11,0,1
BRDA:250,11,1,4
BRDA:280,12,0,0
BRDA:280,12,1,1
BRDA:308,13,0,0
BRDA:308,13,1,9
BRF:26
BRH:14
end_of_record
TN:
SF:/Users/maxhoward/Desktop/Ethereum Development/Matryx AWS/Projects/matryx-alpha-source/contracts/Ownable.sol
FN:16,Ownable
FN:20,getOwner
FN:25,isOwner
FN:34,onlyOwner
FN:44,transferOwnership
FNF:5
FNH:5
FNDA:24,Ownable
FNDA:4,getOwner
FNDA:23,isOwner
FNDA:6,onlyOwner
FNDA:1,transferOwnership
DA:17,24
DA:22,4
DA:27,23
DA:28,23
DA:35,6
DA:36,6
DA:45,1
DA:46,1
LF:8
LH:8
BRDA:35,1,0,6
BRDA:35,1,1,0
BRDA:45,2,0,1
BRDA:45,2,1,0
BRF:4
BRH:2
end_of_record
